INFO [2023-04-12 10:58:33] $x
INFO [2023-04-12 10:58:33] DEGs_60A_wide
INFO [2023-04-12 10:58:33] 
INFO [2023-04-12 10:58:33] $category.names
INFO [2023-04-12 10:58:33] c("Hyp_2h", "Hyp_6h", "Hyp_6d", "Hyp_7d", "Recovery")
INFO [2023-04-12 10:58:33] 
INFO [2023-04-12 10:58:33] $filename
INFO [2023-04-12 10:58:33] [1] "figures/DMGs_60A_venn_diagramm.png"
INFO [2023-04-12 10:58:33] 
INFO [2023-04-12 10:58:33] $output
INFO [2023-04-12 10:58:33] [1] TRUE
INFO [2023-04-12 10:58:33] 
INFO [2023-04-12 10:58:33] $imagetype
INFO [2023-04-12 10:58:33] [1] "png"
INFO [2023-04-12 10:58:33] 
INFO [2023-04-12 10:58:33] $height
INFO [2023-04-12 10:58:33] [1] 480
INFO [2023-04-12 10:58:33] 
INFO [2023-04-12 10:58:33] $width
INFO [2023-04-12 10:58:33] [1] 480
INFO [2023-04-12 10:58:33] 
INFO [2023-04-12 10:58:33] $resolution
INFO [2023-04-12 10:58:33] [1] 300
INFO [2023-04-12 10:58:33] 
INFO [2023-04-12 10:58:33] $compression
INFO [2023-04-12 10:58:33] [1] "lzw"
INFO [2023-04-12 10:58:33] 
INFO [2023-04-12 10:58:33] $lwd
INFO [2023-04-12 10:58:33] [1] 2
INFO [2023-04-12 10:58:33] 
INFO [2023-04-12 10:58:33] $lty
INFO [2023-04-12 10:58:33] [1] "blank"
INFO [2023-04-12 10:58:33] 
INFO [2023-04-12 10:58:33] $fill
INFO [2023-04-12 10:58:33] myCol
INFO [2023-04-12 10:58:33] 
INFO [2023-04-12 10:58:33] $cex
INFO [2023-04-12 10:58:33] [1] 0.6
INFO [2023-04-12 10:58:33] 
INFO [2023-04-12 10:58:33] $fontface
INFO [2023-04-12 10:58:33] [1] "bold"
INFO [2023-04-12 10:58:33] 
INFO [2023-04-12 10:58:33] $fontfamily
INFO [2023-04-12 10:58:33] [1] "sans"
INFO [2023-04-12 10:58:33] 
INFO [2023-04-12 10:58:33] $cat.cex
INFO [2023-04-12 10:58:33] [1] 0.6
INFO [2023-04-12 10:58:33] 
INFO [2023-04-12 10:58:33] $cat.fontface
INFO [2023-04-12 10:58:33] [1] "bold"
INFO [2023-04-12 10:58:33] 
INFO [2023-04-12 10:58:33] $cat.default.pos
INFO [2023-04-12 10:58:33] [1] "outer"
INFO [2023-04-12 10:58:33] 
INFO [2023-04-12 10:58:33] $cat.fontfamily
INFO [2023-04-12 10:58:33] [1] "sans"
INFO [2023-04-12 10:58:33] 
ERROR [2023-04-12 10:58:33] Unexpected parameter length for "category"
