INFO [2023-04-12 10:57:27] $x
INFO [2023-04-12 10:57:27] DEGs_60A_wide
INFO [2023-04-12 10:57:27] 
INFO [2023-04-12 10:57:27] $category.names
INFO [2023-04-12 10:57:27] c("Hyp_2h", "Hyp_6h", "Hyp_6d", "Hyp_7d", "Recovery")
INFO [2023-04-12 10:57:27] 
INFO [2023-04-12 10:57:27] $filename
INFO [2023-04-12 10:57:27] [1] "figures/DMGs_60A_venn_diagramm.png"
INFO [2023-04-12 10:57:27] 
INFO [2023-04-12 10:57:27] $output
INFO [2023-04-12 10:57:27] [1] TRUE
INFO [2023-04-12 10:57:27] 
INFO [2023-04-12 10:57:27] $imagetype
INFO [2023-04-12 10:57:27] [1] "png"
INFO [2023-04-12 10:57:27] 
INFO [2023-04-12 10:57:27] $height
INFO [2023-04-12 10:57:27] [1] 480
INFO [2023-04-12 10:57:27] 
INFO [2023-04-12 10:57:27] $width
INFO [2023-04-12 10:57:27] [1] 480
INFO [2023-04-12 10:57:27] 
INFO [2023-04-12 10:57:27] $resolution
INFO [2023-04-12 10:57:27] [1] 300
INFO [2023-04-12 10:57:27] 
INFO [2023-04-12 10:57:27] $compression
INFO [2023-04-12 10:57:27] [1] "lzw"
INFO [2023-04-12 10:57:27] 
INFO [2023-04-12 10:57:27] $lwd
INFO [2023-04-12 10:57:27] [1] 2
INFO [2023-04-12 10:57:27] 
INFO [2023-04-12 10:57:27] $lty
INFO [2023-04-12 10:57:27] [1] "blank"
INFO [2023-04-12 10:57:27] 
INFO [2023-04-12 10:57:27] $fill
INFO [2023-04-12 10:57:27] myCol
INFO [2023-04-12 10:57:27] 
INFO [2023-04-12 10:57:27] $cex
INFO [2023-04-12 10:57:27] [1] 0.6
INFO [2023-04-12 10:57:27] 
INFO [2023-04-12 10:57:27] $fontface
INFO [2023-04-12 10:57:27] [1] "bold"
INFO [2023-04-12 10:57:27] 
INFO [2023-04-12 10:57:27] $fontfamily
INFO [2023-04-12 10:57:27] [1] "sans"
INFO [2023-04-12 10:57:27] 
INFO [2023-04-12 10:57:27] $cat.cex
INFO [2023-04-12 10:57:27] [1] 0.6
INFO [2023-04-12 10:57:27] 
INFO [2023-04-12 10:57:27] $cat.fontface
INFO [2023-04-12 10:57:27] [1] "bold"
INFO [2023-04-12 10:57:27] 
INFO [2023-04-12 10:57:27] $cat.default.pos
INFO [2023-04-12 10:57:27] [1] "outer"
INFO [2023-04-12 10:57:27] 
INFO [2023-04-12 10:57:27] $cat.fontfamily
INFO [2023-04-12 10:57:27] [1] "sans"
INFO [2023-04-12 10:57:27] 
