INFO [2023-04-12 10:57:19] $x
INFO [2023-04-12 10:57:19] DEGs_60A_wide
INFO [2023-04-12 10:57:19] 
INFO [2023-04-12 10:57:19] $category.names
INFO [2023-04-12 10:57:19] c("Hyp_2h", "Hyp_6h", "Hyp_6d", "Hyp_7d", "Recovery")
INFO [2023-04-12 10:57:19] 
INFO [2023-04-12 10:57:19] $filename
INFO [2023-04-12 10:57:19] [1] "figures/DMGs_60A_venn_diagramm.png"
INFO [2023-04-12 10:57:19] 
INFO [2023-04-12 10:57:19] $output
INFO [2023-04-12 10:57:19] [1] TRUE
INFO [2023-04-12 10:57:19] 
INFO [2023-04-12 10:57:19] $imagetype
INFO [2023-04-12 10:57:19] [1] "png"
INFO [2023-04-12 10:57:19] 
INFO [2023-04-12 10:57:19] $height
INFO [2023-04-12 10:57:19] [1] 480
INFO [2023-04-12 10:57:19] 
INFO [2023-04-12 10:57:19] $width
INFO [2023-04-12 10:57:19] [1] 480
INFO [2023-04-12 10:57:19] 
INFO [2023-04-12 10:57:19] $resolution
INFO [2023-04-12 10:57:19] [1] 300
INFO [2023-04-12 10:57:19] 
INFO [2023-04-12 10:57:19] $compression
INFO [2023-04-12 10:57:19] [1] "lzw"
INFO [2023-04-12 10:57:19] 
INFO [2023-04-12 10:57:19] $lwd
INFO [2023-04-12 10:57:19] [1] 2
INFO [2023-04-12 10:57:19] 
INFO [2023-04-12 10:57:19] $lty
INFO [2023-04-12 10:57:19] [1] "blank"
INFO [2023-04-12 10:57:19] 
INFO [2023-04-12 10:57:19] $fill
INFO [2023-04-12 10:57:19] myCol
INFO [2023-04-12 10:57:19] 
INFO [2023-04-12 10:57:19] $cex
INFO [2023-04-12 10:57:19] [1] 0.6
INFO [2023-04-12 10:57:19] 
INFO [2023-04-12 10:57:19] $fontface
INFO [2023-04-12 10:57:19] [1] "bold"
INFO [2023-04-12 10:57:19] 
INFO [2023-04-12 10:57:19] $fontfamily
INFO [2023-04-12 10:57:19] [1] "sans"
INFO [2023-04-12 10:57:19] 
INFO [2023-04-12 10:57:19] $cat.cex
INFO [2023-04-12 10:57:19] [1] 0.6
INFO [2023-04-12 10:57:19] 
INFO [2023-04-12 10:57:19] $cat.fontface
INFO [2023-04-12 10:57:19] [1] "bold"
INFO [2023-04-12 10:57:19] 
INFO [2023-04-12 10:57:19] $cat.default.pos
INFO [2023-04-12 10:57:19] [1] "outer"
INFO [2023-04-12 10:57:19] 
INFO [2023-04-12 10:57:19] $cat.fontfamily
INFO [2023-04-12 10:57:19] [1] "sans"
INFO [2023-04-12 10:57:19] 
ERROR [2023-04-12 10:57:19] Unexpected parameter length for "category"
