INFO [2023-04-11 16:14:50] $x
INFO [2023-04-11 16:14:50] DEGs_60A_wide
INFO [2023-04-11 16:14:50] 
INFO [2023-04-11 16:14:50] $category.names
INFO [2023-04-11 16:14:50] c("Hyp_2h", "Hyp_6h", "Hyp_6d", "Hyp_7d", "Recovery")
INFO [2023-04-11 16:14:50] 
INFO [2023-04-11 16:14:50] $filename
INFO [2023-04-11 16:14:50] [1] "figures/DMGs_60A_venn_diagramm.png"
INFO [2023-04-11 16:14:50] 
INFO [2023-04-11 16:14:50] $output
INFO [2023-04-11 16:14:50] [1] TRUE
INFO [2023-04-11 16:14:50] 
INFO [2023-04-11 16:14:50] $imagetype
INFO [2023-04-11 16:14:50] [1] "png"
INFO [2023-04-11 16:14:50] 
INFO [2023-04-11 16:14:50] $height
INFO [2023-04-11 16:14:50] [1] 480
INFO [2023-04-11 16:14:50] 
INFO [2023-04-11 16:14:50] $width
INFO [2023-04-11 16:14:50] [1] 480
INFO [2023-04-11 16:14:50] 
INFO [2023-04-11 16:14:50] $resolution
INFO [2023-04-11 16:14:50] [1] 300
INFO [2023-04-11 16:14:50] 
INFO [2023-04-11 16:14:50] $compression
INFO [2023-04-11 16:14:50] [1] "lzw"
INFO [2023-04-11 16:14:50] 
INFO [2023-04-11 16:14:50] $lwd
INFO [2023-04-11 16:14:50] [1] 2
INFO [2023-04-11 16:14:50] 
INFO [2023-04-11 16:14:50] $lty
INFO [2023-04-11 16:14:50] [1] "blank"
INFO [2023-04-11 16:14:50] 
INFO [2023-04-11 16:14:50] $fill
INFO [2023-04-11 16:14:50] myCol
INFO [2023-04-11 16:14:50] 
INFO [2023-04-11 16:14:50] $cex
INFO [2023-04-11 16:14:50] [1] 0.6
INFO [2023-04-11 16:14:50] 
INFO [2023-04-11 16:14:50] $fontface
INFO [2023-04-11 16:14:50] [1] "bold"
INFO [2023-04-11 16:14:50] 
INFO [2023-04-11 16:14:50] $fontfamily
INFO [2023-04-11 16:14:50] [1] "sans"
INFO [2023-04-11 16:14:50] 
INFO [2023-04-11 16:14:50] $cat.cex
INFO [2023-04-11 16:14:50] [1] 0.6
INFO [2023-04-11 16:14:50] 
INFO [2023-04-11 16:14:50] $cat.fontface
INFO [2023-04-11 16:14:50] [1] "bold"
INFO [2023-04-11 16:14:50] 
INFO [2023-04-11 16:14:50] $cat.default.pos
INFO [2023-04-11 16:14:50] [1] "outer"
INFO [2023-04-11 16:14:50] 
INFO [2023-04-11 16:14:50] $cat.fontfamily
INFO [2023-04-11 16:14:50] [1] "sans"
INFO [2023-04-11 16:14:50] 
ERROR [2023-04-11 16:14:50] Unexpected parameter length for "category"
