[2023-05-17 10:44:48,283] multiqc                                            [DEBUG  ]  This is MultiQC v1.14
[2023-05-17 10:44:48,285] multiqc                                            [DEBUG  ]  Command used: /home/jrodr979/.conda/envs/multiqc_env/bin/multiqc .
[2023-05-17 10:44:48,549] multiqc                                            [DEBUG  ]  Latest MultiQC version is v1.14
[2023-05-17 10:44:48,549] multiqc                                            [DEBUG  ]  Working dir : /scratch/jeirinlo/jrodr979/Aplysia_trans_WGBS/20230314_Bismark_WGBS_ACAL
[2023-05-17 10:44:48,549] multiqc                                            [DEBUG  ]  Template    : default
[2023-05-17 10:44:48,549] multiqc                                            [DEBUG  ]  Running Python 3.11.3 | packaged by conda-forge | (main, Apr  6 2023, 08:57:19) [GCC 11.3.0]
[2023-05-17 10:44:48,550] multiqc                                            [DEBUG  ]  Analysing modules: custom_content, ccs, ngsderive, purple, conpair, lima, peddy, somalier, methylQA, mosdepth, phantompeakqualtools, qualimap, preseq, hifiasm, quast, qorts, rna_seqc, rockhopper, rsem, rseqc, busco, bustools, goleft_indexcov, gffcompare, disambiguate, supernova, deeptools, sargasso, verifybamid, mirtrace, happy, mirtop, sambamba, gopeaks, homer, hops, macs2, theta2, snpeff, gatk, htseq, bcftools, featureCounts, fgbio, dragen, dragen_fastqc, dedup, pbmarkdup, damageprofiler, biobambam2, jcvi, mtnucratio, picard, vep, sentieon, prokka, qc3C, nanostat, samblaster, samtools, sexdeterrmine, eigenstratdatabasetools, bamtools, jellyfish, vcftools, longranger, stacks, varscan2, snippy, umitools, bbmap, bismark, biscuit, diamond, hicexplorer, hicup, hicpro, salmon, kallisto, slamdunk, star, hisat2, tophat, bowtie2, bowtie1, cellranger, snpsplit, odgi, pangolin, nextclade, humid, kat, leehom, adapterRemoval, bbduk, clipandmerge, cutadapt, flexbar, kaiju, kraken, malt, motus, trimmomatic, sickle, skewer, sortmerna, biobloomtools, fastq_screen, afterqc, fastp, fastqc, filtlong, prinseqplusplus, pychopper, porechop, pycoqc, minionqc, anglerfish, multivcfanalyzer, clusterflow, checkqc, bcl2fastq, bclconvert, interop, ivar, flash, seqyclean, optitype, whatshap
[2023-05-17 10:44:48,550] multiqc                                            [DEBUG  ]  Using temporary directory for creating report: /tmp/tmpbw_b29yx
[2023-05-17 10:44:48,758] multiqc                                            [INFO   ]  Search path : /scratch/jeirinlo/jrodr979/Aplysia_trans_WGBS/20230314_Bismark_WGBS_ACAL
[2023-05-17 10:45:01,744] multiqc                                            [DEBUG  ]  Summary of files that were skipped by the search: [skipped_module_specific_max_filesize: 390] // [skipped_no_match: 347] // [skipped_filesize_limit: 240] // [skipped_ignore_pattern: 77]
[2023-05-17 10:45:03,242] multiqc.plots.bargraph                             [DEBUG  ]  Using matplotlib version 3.7.1
[2023-05-17 10:45:03,246] multiqc.plots.linegraph                            [DEBUG  ]  Using matplotlib version 3.7.1
[2023-05-17 10:45:03,248] multiqc                                            [DEBUG  ]  No samples found: custom_content
[2023-05-17 10:45:03,455] multiqc.modules.bismark.bismark                    [INFO   ]  Found 30 alignment reports
[2023-05-17 10:45:03,458] multiqc.modules.bismark.bismark                    [INFO   ]  Found 30 dedup reports
[2023-05-17 10:45:03,458] multiqc.modules.bismark.bismark                    [INFO   ]  Found 30 methextract reports
[2023-05-17 10:45:03,540] multiqc                                            [INFO   ]  Compressing plot data
[2023-05-17 10:45:03,867] multiqc                                            [INFO   ]  Report      : multiqc_report.html
[2023-05-17 10:45:03,867] multiqc                                            [INFO   ]  Data        : multiqc_data
[2023-05-17 10:45:03,867] multiqc                                            [DEBUG  ]  Moving data file from '/tmp/tmpbw_b29yx/multiqc_data' to '/scratch/jeirinlo/jrodr979/Aplysia_trans_WGBS/20230314_Bismark_WGBS_ACAL/multiqc_data'
[2023-05-17 10:45:04,122] multiqc                                            [INFO   ]  MultiQC complete
